Arguments: 
  C:\Program Files\nodejs\node.exe C:\Users\admin\AppData\Roaming\npm\node_modules\yarn\bin\yarn.js add imports-loader

PATH: 
  C:\Windows\system32;C:\Windows;C:\Windows\System32\Wbem;C:\Windows\System32\WindowsPowerShell\v1.0\;C:\Windows\System32\OpenSSH\;C:\Program Files\Git\cmd;C:\Users\admin\AppData\Local\Yarn\bin;C:\Program Files\Eisoo AnyShare;C:\Program Files\nodejs\;C:\ProgramData\chocolatey\bin;C:\Users\admin\AppData\Local\Microsoft\WindowsApps;F:\Microsoft VS Code\bin;F:\Egret Wing 3\bin;C:\Users\admin\AppData\Roaming\npm

Yarn version: 
  1.22.4

Node version: 
  14.6.0

Platform: 
  win32 x64

Trace: 
  Error: connect ETIMEDOUT 104.16.22.35:443
      at TCPConnectWrap.afterConnect [as oncomplete] (net.js:1144:16)

npm manifest: 
  {
    "name": "webpack_demo",
    "version": "1.0.0",
    "description": "my webpack demo",
    "main": "index.js",
    "license": "MIT",
    "dependencies": {
      "css-loader": "^4.2.0",
      "loadsh": "^0.0.4",
      "style-loader": "^1.2.1"
    },
    "scripts": {
      "watch": "webpack --mode=development --watch",
      "dev": "webpack-dev-server --mode=development --open",
      "test": "webpack --mode=development",
      "build": "webpack --mode=production"
    },
    "devDependencies": {
      "clean-webpack-plugin": "^3.0.0",
      "css-loader": "^4.2.0",
      "file-loader": "^6.0.0",
      "html-webpack-plugin": "^4.3.0",
      "loadsh": "^0.0.4",
      "style-loader": "^1.2.1",
      "webpack": "^4.44.1",
      "webpack-cli": "^3.3.12",
      "webpack-dev-server": "^3.11.0",
      "webpack-merge": "^5.0.9"
    }
  }

yarn manifest: 
  No manifest

Lockfile: 
  No lockfile
